
[UltraQuant] Copyright © 2020 Beihang University. All rights reserved.
2020-04-29 22:23:34.715834

[UltraQuant] Reading MS2 files (The first run will take a few minutes)...

[UltraQuant] Copyright © 2020 Beihang University. All rights reserved.
2020-04-29 22:49:27.699703

[UltraQuant] Reading MS2 files (The first run will take a few minutes)...

[UltraQuant] Copyright © 2020 Beihang University. All rights reserved.
2020-04-29 22:53:31.791412

[UltraQuant] Reading MS2 files (The first run will take a few minutes)...

[UltraQuant] Copyright © 2020 Beihang University. All rights reserved.
2020-04-29 22:58:16.713903

[UltraQuant] Reading MS2 files (The first run will take a few minutes)...

[UltraQuant] Copyright © 2020 Beihang University. All rights reserved.
2020-04-29 22:59:35.754936

[UltraQuant] Reading MS2 files (The first run will take a few minutes)...

[UltraQuant] Copyright © 2020 Beihang University. All rights reserved.
2020-04-29 23:00:10.121173

[UltraQuant] Reading MS2 files (The first run will take a few minutes)...

[UltraQuant] Copyright © 2020 Beihang University. All rights reserved.
2020-04-29 23:06:07.930305

[UltraQuant] Reading MS2 files (The first run will take a few minutes)...

[UltraQuant] Copyright © 2020 Beihang University. All rights reserved.
2020-04-29 23:10:26.563502

[UltraQuant] Reading MS2 files (The first run will take a few minutes)...

[UltraQuant] Copyright © 2020 Beihang University. All rights reserved.
2020-04-29 23:15:21.030466

[UltraQuant] Reading MS2 files (The first run will take a few minutes)...

[UltraQuant] Copyright © 2020 Beihang University. All rights reserved.
2020-04-29 23:25:35.021880

[UltraQuant] Reading MS2 files (The first run will take a few minutes)...

[UltraQuant] Copyright © 2020 Beihang University. All rights reserved.
2020-04-29 23:28:46.855423

[UltraQuant] Reading MS2 files (The first run will take a few minutes)...

[UltraQuant] Copyright © 2020 Beihang University. All rights reserved.
2020-04-29 23:29:40.874538

[UltraQuant] Reading MS2 files (The first run will take a few minutes)...

[UltraQuant] Copyright © 2020 Beihang University. All rights reserved.
2020-04-29 23:30:25.467865

[UltraQuant] Reading MS2 files (The first run will take a few minutes)...

[UltraQuant] Copyright © 2020 Beihang University. All rights reserved.
2020-04-29 23:34:10.573883

[UltraQuant] Reading MS2 files (The first run will take a few minutes)...

[UltraQuant] Copyright © 2020 Beihang University. All rights reserved.
2020-04-29 23:44:50.816394

[UltraQuant] Reading MS2 files (The first run will take a few minutes)...

[UltraQuant] Copyright © 2020 Beihang University. All rights reserved.
2020-04-29 23:49:11.088379

[UltraQuant] Reading MS2 files (The first run will take a few minutes)...

[UltraQuant] Copyright © 2020 Beihang University. All rights reserved.
2020-04-29 23:55:32.105317

[UltraQuant] <Flow Label Free> Checking the environment...

[UltraQuant] <Flow Label Free> Reading ini files...

[UltraQuant] <Flow Label Free> Reading identification files...

[UltraQuant] Copyright © 2020 Beihang University. All rights reserved.
2020-04-29 23:56:48.122208

[UltraQuant] <Flow Label Free> Checking the environment...

[UltraQuant] <Flow Label Free> Reading ini files...

[UltraQuant] <Flow Label Free> Reading identification files...

[UltraQuant] Copyright © 2020 Beihang University. All rights reserved.
2020-04-30 00:00:04.394586

[UltraQuant] <Flow Label Free> Checking the environment...

[UltraQuant] <Flow Label Free> Reading ini files...

[UltraQuant] <Flow Label Free> Reading identification files...

[UltraQuant] <Flow Label Free> Reading MS1 files (The first run will take a few minutes)...

[UltraQuant] Copyright © 2020 Beihang University. All rights reserved.
2020-05-09 21:29:45.304615

[UltraQuant] Writing config file in the folder...

[UltraQuant] Finished!
2020-05-09 21:29:45.306638

[UltraQuant] Copyright © 2020 Beihang University. All rights reserved.
2020-05-09 21:29:49.553935

[UltraQuant] Writing config file in the folder...

[UltraQuant] Finished!
2020-05-09 21:29:49.554960
